<?xml version="1.0" encoding="UTF-8"?>
<!-- Generated by org.testng.reporters.JUnitXMLReporter -->
<testsuite ignored="6" hostname="DESKTOP-L9U8SE4" failures="0" tests="6" name="Surefire test" time="10.115" errors="0" timestamp="2023-06-30T13:09:16 IST">
  <testcase classname="PageTest.HomeTest" name="validateTitle" time="0.014"/>
  <testcase classname="PageTest.HomeTest" name="navToSingleMalt" time="3.21"/>
  <testcase classname="PageTest.ProductTest" name="validateFilter" time="0.843"/>
  <testcase classname="PageTest.ProductTest" name="resetFilterValidation" time="0.721"/>
  <testcase classname="PageTest.ProductTest" name="sortingFilter" time="3.701"/>
  <testcase classname="PageTest.ProductTest" name="navToProduct" time="1.52"/>
  <testcase classname="PageTest.BaseTest" name="@BeforeSuite initBrowser" time="0.0">
    <ignored/>
  </testcase> <!-- @BeforeSuite initBrowser -->
  <testcase classname="PageTest.BaseTest" name="@AfterSuite tearDown" time="0.0">
    <ignored/>
  </testcase> <!-- @AfterSuite tearDown -->
  <testcase classname="PageTest.BaseTest" name="@BeforeSuite initBrowser" time="0.0">
    <ignored/>
  </testcase> <!-- @BeforeSuite initBrowser -->
  <testcase classname="PageTest.BaseTest" name="@BeforeSuite initBrowser" time="0.0">
    <ignored/>
  </testcase> <!-- @BeforeSuite initBrowser -->
  <testcase classname="PageTest.BaseTest" name="@AfterSuite tearDown" time="0.0">
    <ignored/>
  </testcase> <!-- @AfterSuite tearDown -->
  <testcase classname="PageTest.BaseTest" name="@AfterSuite tearDown" time="0.0">
    <ignored/>
  </testcase> <!-- @AfterSuite tearDown -->
</testsuite> <!-- Surefire test -->
