<?xml version="1.0" encoding="UTF-8"?>
<!-- Generated by org.testng.reporters.JUnitXMLReporter -->
<testsuite ignored="2" hostname="DESKTOP-L9U8SE4" failures="0" tests="6" name="Test" time="12.248" errors="0" timestamp="2023-07-04T14:44:01 IST">
  <testcase classname="PageTest.HomeTest" name="validateTitle" time="0.029"/>
  <testcase classname="PageTest.HomeTest" name="navToSingleMalt" time="1.747"/>
  <testcase classname="PageTest.ProductTest" name="validateFilter" time="1.098"/>
  <testcase classname="PageTest.ProductTest" name="resetFilterValidation" time="0.991"/>
  <testcase classname="PageTest.ProductTest" name="sortingFilter" time="3.367"/>
  <testcase classname="PageTest.ProductTest" name="navToProduct" time="4.898"/>
  <testcase classname="PageTest.BaseTest" name="@BeforeSuite initBrowser" time="0.0">
    <ignored/>
  </testcase> <!-- @BeforeSuite initBrowser -->
  <testcase classname="PageTest.BaseTest" name="@AfterSuite tearDown" time="0.0">
    <ignored/>
  </testcase> <!-- @AfterSuite tearDown -->
</testsuite> <!-- Test -->
